<?xml version="1.0" encoding="UTF-8"?>
<!-- Generated by org.testng.reporters.JUnitReportReporter -->
<testsuite hostname="DESKTOP-POF0L7T" failures="0" tests="4" name="annotations.dependsongroup.DependsOnGroupExample" time="0.093" errors="0" timestamp="2024-07-06T14:52:58 IST" skipped="0">
  <testcase classname="annotations.dependsongroup.DependsOnGroupExample" name="test4" time="0.002"/>
  <testcase classname="annotations.dependsongroup.DependsOnGroupExample" name="test3" time="0.006"/>
  <testcase classname="annotations.dependsongroup.DependsOnGroupExample" name="test2" time="0.003"/>
  <testcase classname="annotations.dependsongroup.DependsOnGroupExample" name="test1" time="0.082"/>
</testsuite> <!-- annotations.dependsongroup.DependsOnGroupExample -->
